Error: Undefined constant PDO::MYSQL_ATTR_INIT_COMMAND in /home/georgi/WebstormProjects/FMI-Web-project/database/DB.php:16
Stack trace:
#0 /home/georgi/WebstormProjects/FMI-Web-project/models/User.php(20): DB->__construct()
#1 /home/georgi/WebstormProjects/FMI-Web-project/public/register.php(20): User->store()
#2 {main}Error: Undefined constant PDO::MYSQL_ATTR_INIT_COMMAND in /home/georgi/WebstormProjects/FMI-Web-project/database/DB.php:16
Stack trace:
#0 /home/georgi/WebstormProjects/FMI-Web-project/models/User.php(20): DB->__construct()
#1 /home/georgi/WebstormProjects/FMI-Web-project/public/register.php(20): User->store()
#2 {main}PDOException: could not find driver in /home/georgi/WebstormProjects/FMI-Web-project/database/DB.php:15
Stack trace:
#0 /home/georgi/WebstormProjects/FMI-Web-project/database/DB.php(15): PDO->__construct()
#1 /home/georgi/WebstormProjects/FMI-Web-project/models/User.php(20): DB->__construct()
#2 /home/georgi/WebstormProjects/FMI-Web-project/public/register.php(20): User->store()
#3 {main}
PDOException: SQLSTATE[HY000] [1698] Access denied for user 'bob'@'localhost' in /home/georgi/WebstormProjects/FMI-Web-project/database/DB.php:16
Stack trace:
#0 /home/georgi/WebstormProjects/FMI-Web-project/database/DB.php(16): PDO->__construct()
#1 /home/georgi/WebstormProjects/FMI-Web-project/models/User.php(20): DB->__construct()
#2 /home/georgi/WebstormProjects/FMI-Web-project/public/register.php(20): User->store()
#3 {main}
Error: Call to a member function prepare() on null in /home/georgi/WebstormProjects/FMI-Web-project/models/User.php:23
Stack trace:
#0 /home/georgi/WebstormProjects/FMI-Web-project/public/register.php(20): User->store()
#1 {main}
Error: Call to undefined function var_bump() in /home/georgi/WebstormProjects/FMI-Web-project/models/User.php:58
Stack trace:
#0 /home/georgi/WebstormProjects/FMI-Web-project/public/login.php(16): User::verifyCredentials()
#1 {main}
Error: Call to undefined function var_bump() in /home/georgi/WebstormProjects/FMI-Web-project/models/User.php:58
Stack trace:
#0 /home/georgi/WebstormProjects/FMI-Web-project/public/login.php(16): User::verifyCredentials()
#1 {main}
Error: Call to undefined function var_bump() in /home/georgi/WebstormProjects/FMI-Web-project/models/User.php:58
Stack trace:
#0 /home/georgi/WebstormProjects/FMI-Web-project/public/login.php(16): User::verifyCredentials()
#1 {main}
Error: Call to undefined function getByEmail() in /home/georgi/WebstormProjects/FMI-Web-project/models/User.php:59
Stack trace:
#0 /home/georgi/WebstormProjects/FMI-Web-project/public/login.php(16): User::verifyCredentials()
#1 {main}
Error: Using $this when not in object context in /home/georgi/WebstormProjects/FMI-Web-project/models/User.php:58
Stack trace:
#0 /home/georgi/WebstormProjects/FMI-Web-project/public/login.php(16): User::verifyCredentials()
#1 {main}
Error: Call to a member function prepare() on null in /home/georgi/WebstormProjects/FMI-Web-project/models/User.php:47
Stack trace:
#0 /home/georgi/WebstormProjects/FMI-Web-project/models/User.php(58): User::getByEmail()
#1 /home/georgi/WebstormProjects/FMI-Web-project/public/login.php(16): User::verifyCredentials()
#2 {main}
PDOException: SQLSTATE[42000]: Syntax error or access violation: 1064 You have an error in your SQL syntax; check the manual that corresponds to your MariaDB server version for the right syntax to use near 'FROM teachers (email) WHERE email = ?' at line 1 in /home/georgi/WebstormProjects/FMI-Web-project/models/User.php:48
Stack trace:
#0 /home/georgi/WebstormProjects/FMI-Web-project/models/User.php(48): PDOStatement->execute()
#1 /home/georgi/WebstormProjects/FMI-Web-project/models/User.php(58): User::getByEmail()
#2 /home/georgi/WebstormProjects/FMI-Web-project/public/login.php(16): User::verifyCredentials()
#3 {main}
Error: Undefined constant "stmt" in /home/georgi/WebstormProjects/FMI-Web-project/models/User.php:54
Stack trace:
#0 /home/georgi/WebstormProjects/FMI-Web-project/models/User.php(58): User::getByEmail()
#1 /home/georgi/WebstormProjects/FMI-Web-project/public/login.php(16): User::verifyCredentials()
#2 {main}
Error: Class "UserNotFoundError" not found in /home/georgi/WebstormProjects/FMI-Web-project/models/User.php:57
Stack trace:
#0 /home/georgi/WebstormProjects/FMI-Web-project/models/User.php(64): User::getByEmail()
#1 /home/georgi/WebstormProjects/FMI-Web-project/public/login.php(16): User::verifyCredentials()
#2 {main}
Error: Class "UserNotFoundError" not found in /home/georgi/WebstormProjects/FMI-Web-project/models/User.php:57
Stack trace:
#0 /home/georgi/WebstormProjects/FMI-Web-project/models/User.php(64): User::getByEmail()
#1 /home/georgi/WebstormProjects/FMI-Web-project/public/login.php(16): User::verifyCredentials()
#2 {main}
Error: Class "UserNotFoundError" not found in /home/georgi/WebstormProjects/FMI-Web-project/models/User.php:57
Stack trace:
#0 /home/georgi/WebstormProjects/FMI-Web-project/models/User.php(64): User::getByEmail()
#1 /home/georgi/WebstormProjects/FMI-Web-project/public/login.php(16): User::verifyCredentials()
#2 {main}
Error: Class "UserNotFoundError" not found in /home/georgi/WebstormProjects/FMI-Web-project/models/User.php:57
Stack trace:
#0 /home/georgi/WebstormProjects/FMI-Web-project/models/User.php(64): User::getByEmail()
#1 /home/georgi/WebstormProjects/FMI-Web-project/public/login.php(16): User::verifyCredentials()
#2 {main}
Error: Class "Course" not found in /home/georgi/WebstormProjects/FMI-Web-project/public/dashboard.php:18
Stack trace:
#0 {main}
Error: Class "Course" not found in /home/georgi/WebstormProjects/FMI-Web-project/public/dashboard.php:19
Stack trace:
#0 {main}
Error: Class "Course" not found in /home/georgi/WebstormProjects/FMI-Web-project/public/dashboard.php:19
Stack trace:
#0 {main}
Error: Class "Course" not found in /home/georgi/WebstormProjects/FMI-Web-project/public/dashboard.php:18
Stack trace:
#0 {main}
Error: Class "Course" not found in /home/georgi/WebstormProjects/FMI-Web-project/public/dashboard.php:18
Stack trace:
#0 {main}
Error: Class "Course" not found in /home/georgi/WebstormProjects/FMI-Web-project/public/dashboard.php:18
Stack trace:
#0 {main}
Error: Class "Course" not found in /home/georgi/WebstormProjects/FMI-Web-project/public/dashboard.php:18
Stack trace:
#0 {main}
Error: Class "DB" not found in /home/georgi/WebstormProjects/FMI-Web-project/models/Course.php:49
Stack trace:
#0 /home/georgi/WebstormProjects/FMI-Web-project/public/dashboard.php(19): Course::getAll()
#1 {main}
Error: Class "DB" not found in /home/georgi/WebstormProjects/FMI-Web-project/models/Course.php:49
Stack trace:
#0 /home/georgi/WebstormProjects/FMI-Web-project/public/dashboard.php(19): Course::getAll()
#1 {main}
Error: Class "DB" not found in /home/georgi/WebstormProjects/FMI-Web-project/models/Course.php:49
Stack trace:
#0 /home/georgi/WebstormProjects/FMI-Web-project/public/dashboard.php(19): Course::getAll()
#1 {main}
Error: Class "DB" not found in /home/georgi/WebstormProjects/FMI-Web-project/models/Course.php:49
Stack trace:
#0 /home/georgi/WebstormProjects/FMI-Web-project/public/dashboard.php(19): Course::getAll()
#1 {main}
Error: Class "DB" not found in /home/georgi/WebstormProjects/FMI-Web-project/models/Course.php:49
Stack trace:
#0 /home/georgi/WebstormProjects/FMI-Web-project/public/dashboard.php(20): Course::getAll()
#1 {main}
Error: Class "DB" not found in /home/georgi/WebstormProjects/FMI-Web-project/models/Course.php:50
Stack trace:
#0 /home/georgi/WebstormProjects/FMI-Web-project/public/dashboard.php(20): Course::getAll()
#1 {main}
ParseError: syntax error, unexpected token ":", expecting "]" in /home/georgi/WebstormProjects/FMI-Web-project/router/Router.php:15
Stack trace:
#0 {main}
ParseError: syntax error, unexpected token ":", expecting "]" in /home/georgi/WebstormProjects/FMI-Web-project/router/Router.php:15
Stack trace:
#0 {main}
Error: Undefined constant "path" in /home/georgi/WebstormProjects/FMI-Web-project/router/Router.php:15
Stack trace:
#0 /home/georgi/WebstormProjects/FMI-Web-project/public/index.php(21): require_once()
#1 {main}
ParseError: syntax error, unexpected variable "$routes", expecting "function" or "const" in /home/georgi/WebstormProjects/FMI-Web-project/router/Router.php:9
Stack trace:
#0 {main}
ParseError: syntax error, unexpected variable "$routes", expecting "function" or "const" in /home/georgi/WebstormProjects/FMI-Web-project/router/Router.php:9
Stack trace:
#0 {main}
Error: Failed opening required '/home/georgi/WebstormProjects/FMI-Web-project/public/../views/welcome.php' (include_path='.:') in /home/georgi/WebstormProjects/FMI-Web-project/router/Router.php:45
Stack trace:
#0 /home/georgi/WebstormProjects/FMI-Web-project/public/index.php(23): Router->locate()
#1 {main}
Error: Failed opening required '../headers/main.php' (include_path='.:') in /home/georgi/WebstormProjects/FMI-Web-project/views/login.php:2
Stack trace:
#0 /home/georgi/WebstormProjects/FMI-Web-project/router/Router.php(45): require_once()
#1 /home/georgi/WebstormProjects/FMI-Web-project/public/index.php(23): Router->locate()
#2 {main}
Error: Failed opening required '../headers/main.php' (include_path='.:') in /home/georgi/WebstormProjects/FMI-Web-project/views/login.php:2
Stack trace:
#0 /home/georgi/WebstormProjects/FMI-Web-project/router/Router.php(45): require_once()
#1 /home/georgi/WebstormProjects/FMI-Web-project/public/index.php(23): Router->locate()
#2 {main}
Error: Failed opening required '../headers/main.php' (include_path='.:') in /home/georgi/WebstormProjects/FMI-Web-project/views/login.php:2
Stack trace:
#0 /home/georgi/WebstormProjects/FMI-Web-project/router/Router.php(45): require_once()
#1 /home/georgi/WebstormProjects/FMI-Web-project/public/index.php(23): Router->locate()
#2 {main}
Error: Failed opening required '../headers/main.php' (include_path='.:') in /home/georgi/WebstormProjects/FMI-Web-project/views/login.php:2
Stack trace:
#0 /home/georgi/WebstormProjects/FMI-Web-project/router/Router.php(44): require_once()
#1 /home/georgi/WebstormProjects/FMI-Web-project/public/index.php(23): Router->locate()
#2 {main}
Error: Failed opening required '../headers/main.php' (include_path='.:') in /home/georgi/WebstormProjects/FMI-Web-project/views/login.php:2
Stack trace:
#0 /home/georgi/WebstormProjects/FMI-Web-project/router/Router.php(43): require_once()
#1 /home/georgi/WebstormProjects/FMI-Web-project/public/index.php(23): Router->locate()
#2 {main}
Error: Failed opening required '/home/georgi/WebstormProjects/FMI-Web-project/public/../views/welcome.php' (include_path='.:') in /home/georgi/WebstormProjects/FMI-Web-project/router/Router.php:43
Stack trace:
#0 /home/georgi/WebstormProjects/FMI-Web-project/public/index.php(23): Router->locate()
#1 {main}
Error: Failed opening required '/home/georgi/WebstormProjects/FMI-Web-project/public/../views/welcome.php' (include_path='.:') in /home/georgi/WebstormProjects/FMI-Web-project/router/Router.php:43
Stack trace:
#0 /home/georgi/WebstormProjects/FMI-Web-project/public/index.php(23): Router->locate()
#1 {main}
Error: Failed opening required '/home/georgi/WebstormProjects/FMI-Web-project/public/../views/welcome.php' (include_path='.:') in /home/georgi/WebstormProjects/FMI-Web-project/router/Router.php:43
Stack trace:
#0 /home/georgi/WebstormProjects/FMI-Web-project/public/index.php(23): Router->locate()
#1 {main}
Error: Failed opening required '/home/georgi/WebstormProjects/FMI-Web-project/public/../views/welcome.php' (include_path='.:') in /home/georgi/WebstormProjects/FMI-Web-project/router/Router.php:43
Stack trace:
#0 /home/georgi/WebstormProjects/FMI-Web-project/public/index.php(23): Router->locate()
#1 {main}
Error: Failed opening required '/home/georgi/WebstormProjects/FMI-Web-project/public/../views/welcome.php' (include_path='.:') in /home/georgi/WebstormProjects/FMI-Web-project/router/Router.php:43
Stack trace:
#0 /home/georgi/WebstormProjects/FMI-Web-project/public/index.php(23): Router->locate()
#1 {main}
Error: Failed opening required '/home/georgi/WebstormProjects/FMI-Web-project/public/../views/welcome.php' (include_path='.:') in /home/georgi/WebstormProjects/FMI-Web-project/router/Router.php:43
Stack trace:
#0 /home/georgi/WebstormProjects/FMI-Web-project/public/index.php(23): Router->locate()
#1 {main}
Error: Failed opening required '/home/georgi/WebstormProjects/FMI-Web-project/public/../views/welcome.php' (include_path='.:') in /home/georgi/WebstormProjects/FMI-Web-project/router/Router.php:43
Stack trace:
#0 /home/georgi/WebstormProjects/FMI-Web-project/public/index.php(23): Router->locate()
#1 {main}
Error: Failed opening required '/home/georgi/WebstormProjects/FMI-Web-project/public/../views/welcome.php' (include_path='.:') in /home/georgi/WebstormProjects/FMI-Web-project/router/Router.php:43
Stack trace:
#0 /home/georgi/WebstormProjects/FMI-Web-project/public/index.php(23): Router->locate()
#1 {main}
Error: Failed opening required '/home/georgi/WebstormProjects/FMI-Web-project/public/../views/welcome.php' (include_path='.:') in /home/georgi/WebstormProjects/FMI-Web-project/router/Router.php:43
Stack trace:
#0 /home/georgi/WebstormProjects/FMI-Web-project/public/index.php(23): Router->locate()
#1 {main}
Error: Failed opening required '/home/georgi/WebstormProjects/FMI-Web-project/public/../views/welcome.php' (include_path='.:') in /home/georgi/WebstormProjects/FMI-Web-project/router/Router.php:43
Stack trace:
#0 /home/georgi/WebstormProjects/FMI-Web-project/public/index.php(23): Router->locate()
#1 {main}
Error: Failed opening required '/home/georgi/WebstormProjects/FMI-Web-project/public/../views/welcome.php' (include_path='.:') in /home/georgi/WebstormProjects/FMI-Web-project/router/Router.php:43
Stack trace:
#0 /home/georgi/WebstormProjects/FMI-Web-project/public/index.php(23): Router->locate()
#1 {main}
Error: Failed opening required '/home/georgi/WebstormProjects/FMI-Web-project/public/../views/welcome.php' (include_path='.:') in /home/georgi/WebstormProjects/FMI-Web-project/router/Router.php:43
Stack trace:
#0 /home/georgi/WebstormProjects/FMI-Web-project/public/index.php(23): Router->locate()
#1 {main}
Error: Failed opening required '/home/georgi/WebstormProjects/FMI-Web-project/public/../views/welcome.php' (include_path='.:') in /home/georgi/WebstormProjects/FMI-Web-project/router/Router.php:43
Stack trace:
#0 /home/georgi/WebstormProjects/FMI-Web-project/public/index.php(23): Router->locate()
#1 {main}
Error: Failed opening required '/home/georgi/WebstormProjects/FMI-Web-project/public/../views/welcome.php' (include_path='.:') in /home/georgi/WebstormProjects/FMI-Web-project/router/Router.php:43
Stack trace:
#0 /home/georgi/WebstormProjects/FMI-Web-project/public/index.php(23): Router->locate()
#1 {main}
Error: Failed opening required '/home/georgi/WebstormProjects/FMI-Web-project/public/../views/welcome.php' (include_path='.:') in /home/georgi/WebstormProjects/FMI-Web-project/router/Router.php:43
Stack trace:
#0 /home/georgi/WebstormProjects/FMI-Web-project/public/index.php(23): Router->locate()
#1 {main}
Error: Failed opening required '/home/georgi/WebstormProjects/FMI-Web-project/public/../views/welcome.php' (include_path='.:') in /home/georgi/WebstormProjects/FMI-Web-project/router/Router.php:43
Stack trace:
#0 /home/georgi/WebstormProjects/FMI-Web-project/public/index.php(23): Router->locate()
#1 {main}
